# JRE version: OpenJDK Runtime Environment Homebrew (11.0.25) (build 11.0.25+0)
# Java VM: OpenJDK 64-Bit Server VM Homebrew (11.0.25+0, mixed mode, tiered, compressed oops, g1 gc, bsd-aarch64)
Heap:
 garbage-first heap   total 131072K, used 11898K [0x0000000740000000, 0x00000007c0000000)
  region size 1024K, 4 young (4096K), 3 survivors (3072K)
 Metaspace       used 20467K, capacity 21272K, committed 21552K, reserved 1069056K
  class space    used 2270K, capacity 2663K, committed 2688K, reserved 1048576K
GC Heap History (20 events):
Event: 4.890 GC heap before
{Heap before GC invocations=1 (full 0):
 garbage-first heap   total 131072K, used 25460K [0x0000000740000000, 0x00000007c0000000)
  region size 1024K, 19 young (19456K), 3 survivors (3072K)
 Metaspace       used 17230K, capacity 17688K, committed 17792K, reserved 1064960K
  class space    used 1880K, capacity 2114K, committed 2176K, reserved 1048576K
}
Event: 4.892 GC heap after
{Heap after GC invocations=2 (full 0):
 garbage-first heap   total 131072K, used 8432K [0x0000000740000000, 0x00000007c0000000)
  region size 1024K, 1 young (1024K), 1 survivors (1024K)
 Metaspace       used 17230K, capacity 17688K, committed 17792K, reserved 1064960K
  class space    used 1880K, capacity 2114K, committed 2176K, reserved 1048576K
}
Event: 5.631 GC heap before
{Heap before GC invocations=2 (full 0):
 garbage-first heap   total 131072K, used 62704K [0x0000000740000000, 0x00000007c0000000)
  region size 1024K, 54 young (55296K), 1 survivors (1024K)
 Metaspace       used 17257K, capacity 17688K, committed 17792K, reserved 1064960K
  class space    used 1880K, capacity 2114K, committed 2176K, reserved 1048576K
}
Event: 5.631 GC heap after
{Heap after GC invocations=3 (full 0):
 garbage-first heap   total 131072K, used 8344K [0x0000000740000000, 0x00000007c0000000)
  region size 1024K, 1 young (1024K), 1 survivors (1024K)
 Metaspace       used 17257K, capacity 17688K, committed 17792K, reserved 1064960K
  class space    used 1880K, capacity 2114K, committed 2176K, reserved 1048576K
}
Event: 7.161 GC heap before
{Heap before GC invocations=3 (full 0):
 garbage-first heap   total 131072K, used 85144K [0x0000000740000000, 0x00000007c0000000)
  region size 1024K, 76 young (77824K), 1 survivors (1024K)
 Metaspace       used 17287K, capacity 17752K, committed 18048K, reserved 1064960K
  class space    used 1880K, capacity 2114K, committed 2176K, reserved 1048576K
}
Event: 7.161 GC heap after
{Heap after GC invocations=4 (full 0):
 garbage-first heap   total 131072K, used 8310K [0x0000000740000000, 0x00000007c0000000)
  region size 1024K, 1 young (1024K), 1 survivors (1024K)
 Metaspace       used 17287K, capacity 17752K, committed 18048K, reserved 1064960K
  class space    used 1880K, capacity 2114K, committed 2176K, reserved 1048576K
}
Event: 9.190 GC heap before
{Heap before GC invocations=4 (full 0):
 garbage-first heap   total 131072K, used 85110K [0x0000000740000000, 0x00000007c0000000)
  region size 1024K, 76 young (77824K), 1 survivors (1024K)
 Metaspace       used 18912K, capacity 19445K, committed 19584K, reserved 1067008K
  class space    used 2073K, capacity 2322K, committed 2432K, reserved 1048576K
}
Event: 9.191 GC heap after
{Heap after GC invocations=5 (full 0):
 garbage-first heap   total 131072K, used 9144K [0x0000000740000000, 0x00000007c0000000)
  region size 1024K, 1 young (1024K), 1 survivors (1024K)
 Metaspace       used 18912K, capacity 19445K, committed 19584K, reserved 1067008K
  class space    used 2073K, capacity 2322K, committed 2432K, reserved 1048576K
}
Event: 12.602 GC heap before
{Heap before GC invocations=5 (full 0):
 garbage-first heap   total 131072K, used 87992K [0x0000000740000000, 0x00000007c0000000)
  region size 1024K, 76 young (77824K), 1 survivors (1024K)
 Metaspace       used 18965K, capacity 19519K, committed 19840K, reserved 1067008K
  class space    used 2075K, capacity 2324K, committed 2432K, reserved 1048576K
}
Event: 12.602 GC heap after
{Heap after GC invocations=6 (full 0):
 garbage-first heap   total 131072K, used 11578K [0x0000000740000000, 0x00000007c0000000)
  region size 1024K, 2 young (2048K), 2 survivors (2048K)
 Metaspace       used 18965K, capacity 19519K, committed 19840K, reserved 1067008K
  class space    used 2075K, capacity 2324K, committed 2432K, reserved 1048576K
}
Event: 13.602 GC heap before
{Heap before GC invocations=6 (full 0):
 garbage-first heap   total 131072K, used 87354K [0x0000000740000000, 0x00000007c0000000)
  region size 1024K, 76 young (77824K), 2 survivors (2048K)
 Metaspace       used 18971K, capacity 19519K, committed 19840K, reserved 1067008K
  class space    used 2075K, capacity 2324K, committed 2432K, reserved 1048576K
}
Event: 13.602 GC heap after
{Heap after GC invocations=7 (full 0):
 garbage-first heap   total 131072K, used 10571K [0x0000000740000000, 0x00000007c0000000)
  region size 1024K, 2 young (2048K), 2 survivors (2048K)
 Metaspace       used 18971K, capacity 19519K, committed 19840K, reserved 1067008K
  class space    used 2075K, capacity 2324K, committed 2432K, reserved 1048576K
}
Event: 15.487 GC heap before
{Heap before GC invocations=7 (full 0):
 garbage-first heap   total 131072K, used 86347K [0x0000000740000000, 0x00000007c0000000)
  region size 1024K, 76 young (77824K), 2 survivors (2048K)
 Metaspace       used 18975K, capacity 19519K, committed 19840K, reserved 1067008K
  class space    used 2075K, capacity 2324K, committed 2432K, reserved 1048576K
}
Event: 15.487 GC heap after
{Heap after GC invocations=8 (full 0):
 garbage-first heap   total 131072K, used 10548K [0x0000000740000000, 0x00000007c0000000)
  region size 1024K, 2 young (2048K), 2 survivors (2048K)
 Metaspace       used 18975K, capacity 19519K, committed 19840K, reserved 1067008K
  class space    used 2075K, capacity 2324K, committed 2432K, reserved 1048576K
}
Event: 16.700 GC heap before
{Heap before GC invocations=8 (full 0):
 garbage-first heap   total 131072K, used 86324K [0x0000000740000000, 0x00000007c0000000)
  region size 1024K, 76 young (77824K), 2 survivors (2048K)
 Metaspace       used 18978K, capacity 19519K, committed 19840K, reserved 1067008K
  class space    used 2075K, capacity 2324K, committed 2432K, reserved 1048576K
}
Event: 16.701 GC heap after
{Heap after GC invocations=9 (full 0):
 garbage-first heap   total 131072K, used 10575K [0x0000000740000000, 0x00000007c0000000)
  region size 1024K, 2 young (2048K), 2 survivors (2048K)
 Metaspace       used 18978K, capacity 19519K, committed 19840K, reserved 1067008K
  class space    used 2075K, capacity 2324K, committed 2432K, reserved 1048576K
}
Event: 37.244 GC heap before
{Heap before GC invocations=9 (full 0):
 garbage-first heap   total 131072K, used 88399K [0x0000000740000000, 0x00000007c0000000)
  region size 1024K, 76 young (77824K), 2 survivors (2048K)
 Metaspace       used 20066K, capacity 20786K, committed 21120K, reserved 1067008K
  class space    used 2212K, capacity 2562K, committed 2688K, reserved 1048576K
}
Event: 37.245 GC heap after
{Heap after GC invocations=10 (full 0):
 garbage-first heap   total 131072K, used 13914K [0x0000000740000000, 0x00000007c0000000)
  region size 1024K, 3 young (3072K), 3 survivors (3072K)
 Metaspace       used 20066K, capacity 20786K, committed 21120K, reserved 1067008K
  class space    used 2212K, capacity 2562K, committed 2688K, reserved 1048576K
}
Event: 47.662 GC heap before
{Heap before GC invocations=10 (full 0):
 garbage-first heap   total 131072K, used 86618K [0x0000000740000000, 0x00000007c0000000)
  region size 1024K, 75 young (76800K), 3 survivors (3072K)
 Metaspace       used 20465K, capacity 21271K, committed 21296K, reserved 1069056K
  class space    used 2269K, capacity 2663K, committed 2688K, reserved 1048576K
}
Event: 47.666 GC heap after
{Heap after GC invocations=11 (full 0):
 garbage-first heap   total 131072K, used 11898K [0x0000000740000000, 0x00000007c0000000)
  region size 1024K, 3 young (3072K), 3 survivors (3072K)
 Metaspace       used 20465K, capacity 21271K, committed 21296K, reserved 1069056K
  class space    used 2269K, capacity 2663K, committed 2688K, reserved 1048576K
}

